[debug] ----------------------------------------------------------------------
[debug] Command:      C:\Program Files\nodejs\node.exe C:\Users\Samuel\AppData\Roaming\npm\node_modules\firebase-tools\bin\firebase login
[debug] CLI Version:  3.2.0
[debug] Platform:     win32
[debug] Node Version: v7.1.0
[debug] Time:         Sat Dec 03 2016 13:22:52 GMT+0100 (Mitteleuropäische Zeit)
[debug] ----------------------------------------------------------------------
[debug] 
[debug] Error: write EINVAL
    at exports._errnoException (util.js:1022:11)
    at WriteStream.Socket._writeGeneric (net.js:715:26)
    at WriteStream.Socket._write (net.js:734:8)
    at doWrite (_stream_writable.js:334:12)
    at writeOrBuffer (_stream_writable.js:320:5)
    at WriteStream.Writable.write (_stream_writable.js:247:11)
    at WriteStream.Socket.write (net.js:661:40)
    at MuteStream.ondata (stream.js:31:26)
    at emitOne (events.js:96:13)
    at MuteStream.emit (events.js:188:7)
[error] 
[error] Error: An unexpected error has occurred.
[debug] Error: This socket is closed
    at WriteStream.Socket._writeGeneric (net.js:683:19)
    at WriteStream.Socket._write (net.js:734:8)
    at doWrite (_stream_writable.js:334:12)
    at writeOrBuffer (_stream_writable.js:320:5)
    at WriteStream.Writable.write (_stream_writable.js:247:11)
    at WriteStream.Socket.write (net.js:661:40)
    at Console.log (console.js:43:16)
    at process.<anonymous> (C:\Users\Samuel\AppData\Roaming\npm\node_modules\firebase-tools\bin\firebase:76:17)
    at emitOne (events.js:101:20)
    at process.emit (events.js:188:7)
[error] 
[error] Error: An unexpected error has occurred.
[debug] TypeError: Cannot read property 'getWindowSize' of null
    at WriteStream._refreshSize (tty.js:76:25)
    at process.on (internal/process/stdio.js:16:43)
    at emitNone (events.js:91:20)
    at process.emit (events.js:185:7)
    at Signal.wrap.onsignal (internal/process.js:200:44)
[error] 
[error] Error: An unexpected error has occurred.
[debug] TypeError: Cannot read property 'getWindowSize' of null
    at WriteStream._refreshSize (tty.js:76:25)
    at process.on (internal/process/stdio.js:16:43)
    at emitNone (events.js:91:20)
    at process.emit (events.js:185:7)
    at Signal.wrap.onsignal (internal/process.js:200:44)
[error] 
[error] Error: An unexpected error has occurred.
[debug] Error: This socket is closed
    at WriteStream.Socket._writeGeneric (net.js:683:19)
    at WriteStream.Socket._write (net.js:734:8)
    at doWrite (_stream_writable.js:334:12)
    at writeOrBuffer (_stream_writable.js:320:5)
    at WriteStream.Writable.write (_stream_writable.js:247:11)
    at WriteStream.Socket.write (net.js:661:40)
    at Console.log (console.js:43:16)
    at module.exports.UI.onForceClose (C:\Users\Samuel\AppData\Roaming\npm\node_modules\firebase-tools\node_modules\inquirer\lib\ui\baseUI.js:35:11)
    at emitNone (events.js:86:13)
    at Interface.emit (events.js:185:7)
[error] 
[error] Error: An unexpected error has occurred.
